<?xml version="1.0" encoding="UTF-8"?>
<!-- Generated by org.testng.reporters.JUnitReportReporter -->
<testsuite skipped="0" hostname="DESKTOP-PP2816J" name="com.otlob.tests.AllRestaurantsTest" tests="2" failures="0" timestamp="2020-07-25T08:12:42 EET" time="70.522" errors="0">
  <testcase name="ValidateThatUserCanSearchForRestaurants" time="36.218" classname="com.otlob.tests.AllRestaurantsTest"/>
  <system-out/>
  <testcase name="validateThatUserCanCheckRestaurantsRating" time="34.304" classname="com.otlob.tests.AllRestaurantsTest"/>
  <system-out/>
</testsuite> <!-- com.otlob.tests.AllRestaurantsTest -->
